<?xml version="1.0" encoding="UTF-8"?>
<!-- Generated by org.testng.reporters.JUnitReportReporter -->
<testsuite hostname="DESKTOP-D8RTIRS" failures="0" tests="1" name="testscripts.AddToCartTest" time="28.186" errors="0" timestamp="2023-05-29T17:55:21 PDT" skipped="0">
  <testcase classname="testscripts.AddToCartTest" name="addToCartTest" time="28.186"/>
  <system-out/>
</testsuite> <!-- testscripts.AddToCartTest -->
