<?xml version="1.0" encoding="UTF-8"?>
<!-- Generated by org.testng.reporters.JUnitReportReporter -->
<testsuite hostname="DESKTOP-D8RTIRS" failures="0" tests="1" name="testscripts.SendContactDetailsTest" time="32.216" errors="0" timestamp="2023-05-28T23:33:11 PDT" skipped="0">
  <testcase classname="testscripts.SendContactDetailsTest" name="SendContactUsDetailsTest" time="32.216"/>
  <system-out/>
</testsuite> <!-- testscripts.SendContactDetailsTest -->
