<?xml version="1.0" encoding="UTF-8"?>
<!-- Generated by org.testng.reporters.JUnitReportReporter -->
<testsuite hostname="DESKTOP-D8RTIRS" failures="0" tests="1" name="testscripts.AddPythonToMyCartTest" time="74.252" errors="0" timestamp="2023-05-28T23:12:55 PDT" skipped="0">
  <testcase classname="testscripts.AddPythonToMyCartTest" name="AddPythonToMyCartTest" time="74.252"/>
  <system-out/>
</testsuite> <!-- testscripts.AddPythonToMyCartTest -->
